Mon Dec 10 16:45:37 KST 2018
[master f4157b8] protected grass
 Committer: Ubuntu <ubuntu@ip-172-31-28-3.ap-northeast-2.compute.internal>
Your name and email address were configured automatically based
on your username and hostname. Please check that they are accurate.
You can suppress this message by setting them explicitly. Run the
following command and follow the instructions in your editor to edit
your configuration file:

    git config --global --edit

After doing this, you may fix the identity used for this commit with:

    git commit --amend --reset-author

 1 file changed, 1 insertion(+)
Mon Dec 10 16:48:26 KST 2018
[master 5162e35] protected grass
 Committer: Ubuntu <ubuntu@ip-172-31-28-3.ap-northeast-2.compute.internal>
Your name and email address were configured automatically based
on your username and hostname. Please check that they are accurate.
You can suppress this message by setting them explicitly. Run the
following command and follow the instructions in your editor to edit
your configuration file:

    git config --global --edit

After doing this, you may fix the identity used for this commit with:

    git commit --amend --reset-author

 1 file changed, 16 insertions(+)
Mon Dec 10 16:48:53 KST 2018
[master 6a3b5df] protected grass
 Committer: Ubuntu <ubuntu@ip-172-31-28-3.ap-northeast-2.compute.internal>
Your name and email address were configured automatically based
on your username and hostname. Please check that they are accurate.
You can suppress this message by setting them explicitly. Run the
following command and follow the instructions in your editor to edit
your configuration file:

    git config --global --edit

After doing this, you may fix the identity used for this commit with:

    git commit --amend --reset-author

 1 file changed, 16 insertions(+)
Mon Dec 10 16:49:08 KST 2018
[master 4d96b70] protected grass
 Committer: Ubuntu <ubuntu@ip-172-31-28-3.ap-northeast-2.compute.internal>
Your name and email address were configured automatically based
on your username and hostname. Please check that they are accurate.
You can suppress this message by setting them explicitly. Run the
following command and follow the instructions in your editor to edit
your configuration file:

    git config --global --edit

After doing this, you may fix the identity used for this commit with:

    git commit --amend --reset-author

 1 file changed, 16 insertions(+)
Mon Dec 10 17:09:08 KST 2018
Mon Dec 10 19:29:41 KST 2018
[master 5a917e8] protected grass
 Committer: root <root@ip-172-31-28-3.ap-northeast-2.compute.internal>
Your name and email address were configured automatically based
on your username and hostname. Please check that they are accurate.
You can suppress this message by setting them explicitly. Run the
following command and follow the instructions in your editor to edit
your configuration file:

    git config --global --edit

After doing this, you may fix the identity used for this commit with:

    git commit --amend --reset-author

 1 file changed, 1 insertion(+)
Mon Dec 10 19:29:57 KST 2018
[master d3e2a89] protected grass
 Committer: root <root@ip-172-31-28-3.ap-northeast-2.compute.internal>
Your name and email address were configured automatically based
on your username and hostname. Please check that they are accurate.
You can suppress this message by setting them explicitly. Run the
following command and follow the instructions in your editor to edit
your configuration file:

    git config --global --edit

After doing this, you may fix the identity used for this commit with:

    git commit --amend --reset-author

 1 file changed, 16 insertions(+)
Mon Dec 10 19:30:54 KST 2018
[master 2a2397f] protected grass
 1 file changed, 16 insertions(+)
Mon Dec 10 19:32:26 KST 2018
[master 8fa2c47] protected grass
 1 file changed, 3 insertions(+)
Mon Dec 10 19:32:35 KST 2018
[master 5fbe40b] protected grass
 1 file changed, 3 insertions(+)
Mon Dec 10 19:36:18 KST 2018
[master 27e28d4] protected grass
 1 file changed, 3 insertions(+)
Mon Dec 10 19:40:59 KST 2018
[master 2729b26] protected grass
 1 file changed, 3 insertions(+)
Mon Dec 10 19:56:01 KST 2018
[master 6cde779] protected grass
 1 file changed, 3 insertions(+)
Mon Dec 10 19:57:01 KST 2018
